<?xml version="1.0" encoding="UTF-8"?>
<!-- Generated by org.testng.reporters.JUnitReportReporter -->
<testsuite hostname="ChiruR" failures="0" tests="5" name="com.amazon.customer.login.page.LoginTest" time="36.099" errors="0" timestamp="2023-01-11T08:31:07 CST" skipped="0">
  <testcase classname="com.amazon.customer.login.page.LoginTest" name="testwithvaliddata" time="7.381"/>
  <system-out/>
  <testcase classname="com.amazon.customer.login.page.LoginTest" name="TestingBypassingblankdata" time="7.277"/>
  <system-out/>
  <testcase classname="com.amazon.customer.login.page.LoginTest" name="TestingBypassingValiduserdata" time="7.732"/>
  <system-out/>
  <testcase classname="com.amazon.customer.login.page.LoginTest" name="TestingForgotPasswordField" time="5.732"/>
  <system-out/>
  <testcase classname="com.amazon.customer.login.page.LoginTest" name="TestingBypassingInvalidpassword" time="7.977"/>
  <system-out/>
</testsuite> <!-- com.amazon.customer.login.page.LoginTest -->
