<?xml version="1.0" encoding="UTF-8"?>
<!-- Generated by org.testng.reporters.JUnitReportReporter -->
<testsuite hostname="ChiruR" failures="0" tests="1" name="com.amazon.customer.login.constant.WebPageScrolling" time="17.934" errors="0" timestamp="2022-12-14T13:28:10 CST" skipped="0">
  <testcase classname="com.amazon.customer.login.constant.WebPageScrolling" name="webPageScroll" time="17.934"/>
  <system-out/>
</testsuite> <!-- com.amazon.customer.login.constant.WebPageScrolling -->
